#
# There is insufficient memory for the Java Runtime Environment to continue.
# Native memory allocation (malloc) failed to allocate 1048576 bytes for AllocateHeap
# Possible reasons:
#   The system is out of physical RAM or swap space
#   In 32 bit mode, the process size limit was hit
# Possible solutions:
#   Reduce memory load on the system
#   Increase physical memory or swap space
#   Check if swap backing store is full
#   Use 64 bit Java on a 64 bit OS
#   Decrease Java heap size (-Xmx/-Xms)
#   Decrease number of Java threads
#   Decrease Java thread stack sizes (-Xss)
#   Set larger code cache with -XX:ReservedCodeCacheSize=
# This output file may be truncated or incomplete.
#
#  Out of Memory Error (memory/allocation.inline.hpp:61), pid=7556, tid=7540
#
# JRE version:  (8.0_60-b27) (build )
# Java VM: Java HotSpot(TM) 64-Bit Server VM (25.60-b23 mixed mode windows-amd64 compressed oops)
# Failed to write core dump. Minidumps are not enabled by default on client versions of Windows
#

---------------  T H R E A D  ---------------

Current thread (0x0000000002850800):  JavaThread "Unknown thread" [_thread_in_vm, id=7540, stack(0x0000000002710000,0x0000000002810000)]

Stack: [0x0000000002710000,0x0000000002810000]
[error occurred during error reporting (printing stack bounds), id 0xc0000005]

Native frames: (J=compiled Java code, j=interpreted, Vv=VM code, C=native code)


---------------  P R O C E S S  ---------------

Java Threads: ( => current thread )

Other Threads:

=>0x0000000002850800 (exited) JavaThread "Unknown thread" [_thread_in_vm, id=7540, stack(0x0000000002710000,0x0000000002810000)]

VM state:not at safepoint (normal execution)

VM Mutex/Monitor currently owned by a thread: None

Heap:
 PSYoungGen      total 33280K, used 573K [0x00000000eab00000, 0x00000000ed000000, 0x0000000100000000)
  eden space 28672K, 2% used [0x00000000eab00000,0x00000000eab8f5d0,0x00000000ec700000)
  from space 4608K, 0% used [0x00000000ecb80000,0x00000000ecb80000,0x00000000ed000000)
  to   space 4608K, 0% used [0x00000000ec700000,0x00000000ec700000,0x00000000ecb80000)
 ParOldGen       total 76800K, used 0K [0x00000000c0000000, 0x00000000c4b00000, 0x00000000eab00000)
  object space 76800K, 0% used [0x00000000c0000000,0x00000000c0000000,0x00000000c4b00000)
 Metaspace       used 767K, capacity 4480K, committed 4480K, reserved 1056768K
  class space    used 75K, capacity 384K, committed 384K, reserved 1048576K

Card table byte_map: [0x0000000011d10000,0x0000000011f20000] byte_map_base: 0x0000000011710000

Marking Bits: (ParMarkBitMap*) 0x00000000608fa5b0
 Begin Bits: [0x0000000012480000, 0x0000000013480000)
 End Bits:   [0x0000000013480000, 0x0000000014480000)

Polling page: 0x0000000000de0000

CodeCache: size=245760Kb used=327Kb max_used=327Kb free=245432Kb
 bounds [0x0000000002950000, 0x0000000002bc0000, 0x0000000011950000]
 total_blobs=56 nmethods=0 adapters=37
 compilation: enabled

Compilation events (0 events):
No events

GC Heap History (0 events):
No events

Deoptimization events (0 events):
No events

Internal exceptions (0 events):
No events

Events (10 events):
Event: 0.881 loading class java/lang/Short
Event: 0.881 loading class java/lang/Short done
Event: 0.881 loading class java/lang/Integer
Event: 0.881 loading class java/lang/Integer done
Event: 0.881 loading class java/lang/Long
Event: 0.881 loading class java/lang/Long done
Event: 0.882 loading class java/lang/NullPointerException
Event: 0.882 loading class java/lang/NullPointerException done
Event: 0.882 loading class java/lang/ArithmeticException
Event: 0.882 loading class java/lang/ArithmeticException done


Dynamic libraries:
0x00007ff62f770000 - 0x00007ff62f7a7000 	C:\Program Files\Java\jdk1.8.0_60\bin\java.exe
0x00007ffb3cfd0000 - 0x00007ffb3d17c000 	C:\Windows\SYSTEM32\ntdll.dll
0x00007ffb3ce90000 - 0x00007ffb3cfce000 	C:\Windows\system32\KERNEL32.DLL
0x00007ffb3a300000 - 0x00007ffb3a415000 	C:\Windows\system32\KERNELBASE.dll
0x00007ffb38c70000 - 0x00007ffb38cfe000 	C:\Windows\system32\apphelp.dll
0x00007ffb2bb00000 - 0x00007ffb2bb53000 	C:\Windows\AppPatch\AppPatch64\AcGenral.DLL
0x00007ffb3a650000 - 0x00007ffb3a6fa000 	C:\Windows\system32\msvcrt.dll
0x00007ffb39fc0000 - 0x00007ffb39fee000 	C:\Windows\SYSTEM32\SspiCli.dll
0x00007ffb3a700000 - 0x00007ffb3a754000 	C:\Windows\system32\SHLWAPI.dll
0x00007ffb3c580000 - 0x00007ffb3c6f7000 	C:\Windows\system32\USER32.dll
0x00007ffb3c7b0000 - 0x00007ffb3c944000 	C:\Windows\system32\ole32.dll
0x00007ffb3b050000 - 0x00007ffb3c568000 	C:\Windows\system32\SHELL32.dll
0x00007ffb39720000 - 0x00007ffb39741000 	C:\Windows\SYSTEM32\USERENV.dll
0x00007ffb3c700000 - 0x00007ffb3c7aa000 	C:\Windows\system32\ADVAPI32.dll
0x00007ffb301e0000 - 0x00007ffb301fe000 	C:\Windows\SYSTEM32\MPR.dll
0x00007ffb3ada0000 - 0x00007ffb3aee1000 	C:\Windows\system32\RPCRT4.dll
0x00007ffb3ac80000 - 0x00007ffb3acd9000 	C:\Windows\SYSTEM32\sechost.dll
0x00007ffb3a910000 - 0x00007ffb3ab21000 	C:\Windows\SYSTEM32\combase.dll
0x00007ffb3aef0000 - 0x00007ffb3b041000 	C:\Windows\system32\GDI32.dll
0x00007ffb3a120000 - 0x00007ffb3a135000 	C:\Windows\SYSTEM32\profapi.dll
0x00007ffb38640000 - 0x00007ffb386f2000 	C:\Windows\SYSTEM32\SHCORE.dll
0x00007ffb3ce50000 - 0x00007ffb3ce86000 	C:\Windows\system32\IMM32.DLL
0x00007ffb3ca90000 - 0x00007ffb3cbe3000 	C:\Windows\system32\MSCTF.dll
0x00007ffb37bb0000 - 0x00007ffb37e2b000 	C:\Windows\WinSxS\amd64_microsoft.windows.common-controls_6595b64144ccf1df_6.0.9600.17415_none_6240486fecbd8abb\COMCTL32.dll
0x0000000060010000 - 0x00000000600e2000 	C:\Program Files\Java\jdk1.8.0_60\jre\bin\msvcr100.dll
0x00000000600f0000 - 0x0000000060979000 	C:\Program Files\Java\jdk1.8.0_60\jre\bin\server\jvm.dll
0x00007ffb37a30000 - 0x00007ffb37a39000 	C:\Windows\SYSTEM32\WSOCK32.dll
0x00007ffb37b10000 - 0x00007ffb37b32000 	C:\Windows\SYSTEM32\WINMM.dll
0x00007ffb37b40000 - 0x00007ffb37b4a000 	C:\Windows\SYSTEM32\VERSION.dll
0x00007ffb3cbf0000 - 0x00007ffb3cbf7000 	C:\Windows\system32\PSAPI.DLL
0x00007ffb3ac20000 - 0x00007ffb3ac7a000 	C:\Windows\system32\WS2_32.dll
0x00007ffb37ae0000 - 0x00007ffb37b0a000 	C:\Windows\SYSTEM32\WINMMBASE.dll
0x00007ffb3ab30000 - 0x00007ffb3ab39000 	C:\Windows\system32\NSI.dll
0x00007ffb3a420000 - 0x00007ffb3a46f000 	C:\Windows\SYSTEM32\cfgmgr32.dll
0x00007ffb38f40000 - 0x00007ffb38f68000 	C:\Windows\SYSTEM32\DEVOBJ.dll
0x0000000061650000 - 0x000000006165f000 	C:\Program Files\Java\jdk1.8.0_60\jre\bin\verify.dll
0x0000000061620000 - 0x0000000061649000 	C:\Program Files\Java\jdk1.8.0_60\jre\bin\java.dll
0x0000000061600000 - 0x0000000061616000 	C:\Program Files\Java\jdk1.8.0_60\jre\bin\zip.dll

VM Arguments:
jvm_args: -Djava.awt.headless=true -Xmx1024M -Dfile.encoding=windows-1251 -Duser.country=RU -Duser.language=ru -Duser.variant 
java_command: com.android.dx.command.Main --dex --num-threads=4 --output C:\Users\Pavel\AndroidStudioProjects\MoneyFlow\app\build\intermediates\pre-dexed\debug\com.android.support-animated-vector-drawable-23.3.0_040e47a9dc02011c292d0c456d825d087f795d13.jar C:\Users\Pavel\AndroidStudioProjects\MoneyFlow\app\build\intermediates\exploded-aar\com.android.support\animated-vector-drawable\23.3.0\jars\classes.jar
java_class_path (initial): C:\android_sdk\build-tools\24.0.0-preview\lib\dx.jar
Launcher Type: SUN_STANDARD

Environment Variables:
PATH=C:\ProgramData\Oracle\Java\javapath;C:\Program Files (x86)\Common Files\Intel\Shared Libraries\redist\intel64\compiler;C:\Program Files (x86)\Common Files\Intel\Shared Libraries\redist\ia32\compiler;C:\Windows\system32;C:\Windows;C:\Windows\System32\Wbem;C:\Windows\System32\WindowsPowerShell\v1.0\;C:\Program Files (x86)\ATI Technologies\ATI.ACE\Core-Static;C:\Program Files (x86)\AMD\ATI.ACE\Core-Static;C:\Python34;C:\Program Files (x86)\Skype\Phone\;C:\Program Files\Git\cmd
USERNAME=Pavel
OS=Windows_NT
PROCESSOR_IDENTIFIER=AMD64 Family 21 Model 16 Stepping 1, AuthenticAMD



---------------  S Y S T E M  ---------------

OS: Windows 8.1 , 64 bit Build 9600 (6.3.9600.17415)

CPU:total 4 (4 cores per cpu, 1 threads per core) family 21 model 16 stepping 1, cmov, cx8, fxsr, mmx, sse, sse2, sse3, ssse3, sse4.1, sse4.2, popcnt, avx, aes, clmul, mmxext, 3dnowpref, lzcnt, sse4a, tsc, tscinvbit, tscinv, bmi1

Memory: 4k page, physical 7287224k(977228k free), swap 10432952k(602600k free)

vm_info: Java HotSpot(TM) 64-Bit Server VM (25.60-b23) for windows-amd64 JRE (1.8.0_60-b27), built on Aug  4 2015 11:06:27 by "java_re" with MS VC++ 10.0 (VS2010)

time: Mon Jun 13 20:48:05 2016
elapsed time: 1 seconds (0d 0h 0m 1s)

